10/8/2020 9:12:10 PM	This log contains information about the import schema operation into project 'kumar' on computer 'AJAYKUMAR' by user 'ajayk'.
10/8/2020 9:12:10 PM	Import of database schema has started.
10/8/2020 9:12:25 PM	Gathering database credentials
10/8/2020 9:12:25 PM	Gathering database options
10/8/2020 9:12:25 PM	Gathering generic database scoped configuration option
10/8/2020 9:12:25 PM	Gathering users
10/8/2020 9:12:25 PM	Gathering roles
10/8/2020 9:12:25 PM	Gathering application roles
10/8/2020 9:12:25 PM	Gathering role memberships
10/8/2020 9:12:25 PM	Gathering filegroups
10/8/2020 9:12:25 PM	Gathering full-text catalogs
10/8/2020 9:12:25 PM	Gathering assemblies
10/8/2020 9:12:25 PM	Gathering certificates
10/8/2020 9:12:25 PM	Gathering asymmetric keys
10/8/2020 9:12:26 PM	Gathering symmetric keys
10/8/2020 9:12:26 PM	Gathering encrypted symmetric keys
10/8/2020 9:12:26 PM	Gathering schemas
10/8/2020 9:12:26 PM	Gathering XML schema collections
10/8/2020 9:12:26 PM	Gathering user-defined data types
10/8/2020 9:12:26 PM	Gathering user-defined types
10/8/2020 9:12:26 PM	Gathering table types
10/8/2020 9:12:26 PM	Gathering unique keys for table types
10/8/2020 9:12:26 PM	Gathering primary keys for table types
10/8/2020 9:12:26 PM	Gathering indexes for table types
10/8/2020 9:12:26 PM	Gathering check constraints for table types
10/8/2020 9:12:26 PM	Gathering default constraints for table types
10/8/2020 9:12:26 PM	Gathering partition functions
10/8/2020 9:12:26 PM	Gathering partition schemes
10/8/2020 9:12:26 PM	Gathering functions
10/8/2020 9:12:26 PM	Gathering encrypted functions
10/8/2020 9:12:26 PM	Gathering aggregates
10/8/2020 9:12:26 PM	Gathering procedures
10/8/2020 9:12:26 PM	Gathering encrypted procedures
10/8/2020 9:12:26 PM	Gathering tables
10/8/2020 9:12:26 PM	Gathering primary keys
10/8/2020 9:12:26 PM	Gathering unique constraints
10/8/2020 9:12:26 PM	Gathering foreign keys
10/8/2020 9:12:26 PM	Gathering default constraints
10/8/2020 9:12:26 PM	Gathering check constraints
10/8/2020 9:12:26 PM	Gathering views
10/8/2020 9:12:26 PM	Gathering encrypted views
10/8/2020 9:12:26 PM	Gathering indexes
10/8/2020 9:12:26 PM	Gathering statistics
10/8/2020 9:12:26 PM	Gathering full-text index stoplists
10/8/2020 9:12:26 PM	Gathering search property lists
10/8/2020 9:12:26 PM	Gathering search properties
10/8/2020 9:12:26 PM	Gathering full-text indexes
10/8/2020 9:12:26 PM	Gathering column store indexes
10/8/2020 9:12:26 PM	Gathering spatial indexes
10/8/2020 9:12:26 PM	Gathering XML indexes
10/8/2020 9:12:26 PM	Gathering Selective XML indexes
10/8/2020 9:12:26 PM	Gathering encrypted triggers
10/8/2020 9:12:26 PM	Gathering triggers
10/8/2020 9:12:26 PM	Gathering encrypted and clr ddl triggers
10/8/2020 9:12:26 PM	Gathering ddl triggers
10/8/2020 9:12:26 PM	Creating edge constraints
10/8/2020 9:12:26 PM	Gathering synonyms
10/8/2020 9:12:26 PM	Gathering defaults
10/8/2020 9:12:26 PM	Gathering data constraint uddt bindings
10/8/2020 9:12:26 PM	Gathering rules
10/8/2020 9:12:26 PM	Gathering data constraint uddt bindings
10/8/2020 9:12:26 PM	Gathering message types
10/8/2020 9:12:26 PM	Gathering queues
10/8/2020 9:12:26 PM	Gathering contracts
10/8/2020 9:12:27 PM	Gathering services
10/8/2020 9:12:27 PM	Gathering event notifications
10/8/2020 9:12:27 PM	Gathering remote service bindings
10/8/2020 9:12:27 PM	Gathering broker priorities
10/8/2020 9:12:27 PM	Gathering signatures
10/8/2020 9:12:27 PM	Gathering data compression options
10/8/2020 9:12:27 PM	Gathering sequence types
10/8/2020 9:12:27 PM	Gathering security policies
10/8/2020 9:12:27 PM	Gather column encryption keys
10/8/2020 9:12:27 PM	Gathering column master keys
10/8/2020 9:12:27 PM	Gathering external data sources
10/8/2020 9:12:27 PM	Gathering external file formats
10/8/2020 9:12:27 PM	Gathering external tables
10/8/2020 9:12:27 PM	Gathering database permissions
10/8/2020 9:12:27 PM	Gathering extended properties
10/8/2020 9:12:27 PM	Gathering credentials
10/8/2020 9:12:27 PM	Gathering logins
10/8/2020 9:12:27 PM	Gathering server audits
10/8/2020 9:12:27 PM	Scanning project for duplicate elements
10/8/2020 9:12:27 PM	Finished duplicate element processing
10/8/2020 9:12:28 PM	Finished importing database.
10/8/2020 9:12:28 PM	A summary of the import was saved to the following location: D:\Repo\Trust\DatabaseProjects\Database1\Import Schema Logs\kumar_20201009011210.log
10/8/2020 9:12:28 PM	Click Finish to continue...
